2018-04-07 12:29:44 [ main ] Refreshing org.springframework.context.support.ClassPathXmlApplicationContext@dfd3711: startup date [Sat Apr 07 12:29:44 CST 2018]; root of context hierarchy
2018-04-07 12:29:45 [ main ] Loading XML bean definitions from class path resource [beans.xml]
2018-04-07 12:29:46 [ main ] Loading properties file from class path resource [db_druid.properties]
2018-04-07 12:29:46 [ main ] Loading properties file from class path resource [db.properties]
2018-04-07 12:29:46 [ main ] JSR-330 'javax.inject.Inject' annotation found and supported for autowiring
2018-04-07 12:29:47 [ MLog-Init-Reporter ] MLog clients using slf4j logging.
2018-04-07 12:29:47 [ main ] Initializing c3p0-0.9.5.2 [built 08-December-2015 22:06:04 -0800; debug? true; trace: 10]
2018-04-07 12:29:48 [ main ] {dataSource-1} inited
2018-04-07 12:30:21 [ main ] Refreshing org.springframework.context.support.ClassPathXmlApplicationContext@dfd3711: startup date [Sat Apr 07 12:30:21 CST 2018]; root of context hierarchy
2018-04-07 12:30:21 [ main ] Loading XML bean definitions from class path resource [beans.xml]
2018-04-07 12:30:23 [ main ] Loading properties file from class path resource [db_druid.properties]
2018-04-07 12:30:23 [ main ] Loading properties file from class path resource [db.properties]
2018-04-07 12:30:23 [ main ] JSR-330 'javax.inject.Inject' annotation found and supported for autowiring
2018-04-07 12:30:24 [ MLog-Init-Reporter ] MLog clients using slf4j logging.
2018-04-07 12:30:24 [ main ] Initializing c3p0-0.9.5.2 [built 08-December-2015 22:06:04 -0800; debug? true; trace: 10]
2018-04-07 12:30:25 [ main ] {dataSource-1} inited
2018-04-07 12:31:18 [ main ] Refreshing org.springframework.context.support.ClassPathXmlApplicationContext@dfd3711: startup date [Sat Apr 07 12:31:18 CST 2018]; root of context hierarchy
2018-04-07 12:31:18 [ main ] Loading XML bean definitions from class path resource [beans.xml]
2018-04-07 12:31:19 [ main ] Loading properties file from class path resource [db_druid.properties]
2018-04-07 12:31:19 [ main ] Loading properties file from class path resource [db.properties]
2018-04-07 12:31:19 [ main ] JSR-330 'javax.inject.Inject' annotation found and supported for autowiring
2018-04-07 12:31:20 [ MLog-Init-Reporter ] MLog clients using slf4j logging.
2018-04-07 12:31:20 [ main ] Initializing c3p0-0.9.5.2 [built 08-December-2015 22:06:04 -0800; debug? true; trace: 10]
2018-04-07 12:31:21 [ main ] {dataSource-1} inited
2018-04-07 12:31:21 [ main ] Loading XML bean definitions from class path resource [org/springframework/jdbc/support/sql-error-codes.xml]
2018-04-07 12:31:21 [ main ] SQLErrorCodes loaded: [DB2, Derby, H2, HSQL, Informix, MS-SQL, MySQL, Oracle, PostgreSQL, Sybase, Hana]
2018-04-07 12:32:18 [ main ] Refreshing org.springframework.context.support.ClassPathXmlApplicationContext@dfd3711: startup date [Sat Apr 07 12:32:18 CST 2018]; root of context hierarchy
2018-04-07 12:32:18 [ main ] Loading XML bean definitions from class path resource [beans.xml]
2018-04-07 12:32:19 [ main ] Loading properties file from class path resource [db_druid.properties]
2018-04-07 12:32:19 [ main ] Loading properties file from class path resource [db.properties]
2018-04-07 12:32:19 [ main ] JSR-330 'javax.inject.Inject' annotation found and supported for autowiring
2018-04-07 12:32:20 [ MLog-Init-Reporter ] MLog clients using slf4j logging.
2018-04-07 12:32:20 [ main ] Initializing c3p0-0.9.5.2 [built 08-December-2015 22:06:04 -0800; debug? true; trace: 10]
2018-04-07 12:32:21 [ main ] {dataSource-1} inited
2018-04-07 12:32:21 [ main ] Loading XML bean definitions from class path resource [org/springframework/jdbc/support/sql-error-codes.xml]
2018-04-07 12:32:21 [ main ] SQLErrorCodes loaded: [DB2, Derby, H2, HSQL, Informix, MS-SQL, MySQL, Oracle, PostgreSQL, Sybase, Hana]
2018-04-07 12:33:29 [ main ] Refreshing org.springframework.context.support.ClassPathXmlApplicationContext@dfd3711: startup date [Sat Apr 07 12:33:29 CST 2018]; root of context hierarchy
2018-04-07 12:33:30 [ main ] Loading XML bean definitions from class path resource [beans.xml]
2018-04-07 12:33:31 [ main ] Loading properties file from class path resource [db_druid.properties]
2018-04-07 12:33:31 [ main ] Loading properties file from class path resource [db.properties]
2018-04-07 12:33:31 [ main ] JSR-330 'javax.inject.Inject' annotation found and supported for autowiring
2018-04-07 12:33:32 [ MLog-Init-Reporter ] MLog clients using slf4j logging.
2018-04-07 12:33:32 [ main ] Initializing c3p0-0.9.5.2 [built 08-December-2015 22:06:04 -0800; debug? true; trace: 10]
2018-04-07 12:33:33 [ main ] {dataSource-1} inited
